/home/zhixiong/.rvm/rubies/ruby-1.9.3-p194/lib/ruby/site_ruby/1.9.1/rubygems/custom_require.rb:36:in `require': iconv will be deprecated in the future, use String#encode instead.
[2012-05-27 22:26:30] INFO  WEBrick 1.3.1
[2012-05-27 22:26:30] INFO  ruby 1.9.3 (2012-04-20) [i686-linux]
[2012-05-27 22:26:30] WARN  TCPServer Error: Address already in use - bind(2)
[2012-05-27 22:26:30] INFO  WEBrick::HTTPServer#start: pid=4235 port=4000
localhost - - [27/May/2012:22:26:57 CST] "GET / HTTP/1.1" 200 14745
- -> /
localhost - - [27/May/2012:22:26:57 CST] "GET /assets/themes/twitter/bootstrap/css/bootstrap.min.css HTTP/1.1" 200 74132
http://localhost:4000/ -> /assets/themes/twitter/bootstrap/css/bootstrap.min.css
localhost - - [27/May/2012:22:26:57 CST] "GET /assets/themes/twitter/css/style.css?body=1 HTTP/1.1" 200 1342
http://localhost:4000/ -> /assets/themes/twitter/css/style.css?body=1
[2012-05-27 22:26:58] ERROR `/favicon.ico' not found.
localhost - - [27/May/2012:22:26:58 CST] "GET /favicon.ico HTTP/1.1" 404 281
- -> /favicon.ico
localhost - - [27/May/2012:22:27:08 CST] "GET / HTTP/1.1" 200 14747
- -> /
localhost - - [27/May/2012:22:27:08 CST] "GET /assets/themes/twitter/bootstrap/css/bootstrap.min.css HTTP/1.1" 200 74132
http://localhost:4000/ -> /assets/themes/twitter/bootstrap/css/bootstrap.min.css
localhost - - [27/May/2012:22:27:08 CST] "GET /assets/themes/twitter/css/style.css?body=1 HTTP/1.1" 200 1342
http://localhost:4000/ -> /assets/themes/twitter/css/style.css?body=1
[2012-05-27 22:27:09] ERROR `/favicon.ico' not found.
localhost - - [27/May/2012:22:27:09 CST] "GET /favicon.ico HTTP/1.1" 404 281
- -> /favicon.ico
localhost - - [27/May/2012:22:27:26 CST] "GET / HTTP/1.1" 200 14806
- -> /
localhost - - [27/May/2012:22:27:26 CST] "GET /assets/themes/twitter/bootstrap/css/bootstrap.min.css HTTP/1.1" 200 74132
http://localhost:4000/ -> /assets/themes/twitter/bootstrap/css/bootstrap.min.css
localhost - - [27/May/2012:22:27:26 CST] "GET /assets/themes/twitter/css/style.css?body=1 HTTP/1.1" 200 1342
http://localhost:4000/ -> /assets/themes/twitter/css/style.css?body=1
[2012-05-27 22:27:27] ERROR `/favicon.ico' not found.
localhost - - [27/May/2012:22:27:27 CST] "GET /favicon.ico HTTP/1.1" 404 281
- -> /favicon.ico
localhost - - [27/May/2012:22:29:04 CST] "GET / HTTP/1.1" 200 14805
- -> /
localhost - - [27/May/2012:22:29:05 CST] "GET /assets/themes/twitter/bootstrap/css/bootstrap.min.css HTTP/1.1" 200 74132
http://localhost:4000/ -> /assets/themes/twitter/bootstrap/css/bootstrap.min.css
localhost - - [27/May/2012:22:29:05 CST] "GET /assets/themes/twitter/css/style.css?body=1 HTTP/1.1" 200 1342
http://localhost:4000/ -> /assets/themes/twitter/css/style.css?body=1
[2012-05-27 22:29:05] ERROR `/favicon.ico' not found.
localhost - - [27/May/2012:22:29:05 CST] "GET /favicon.ico HTTP/1.1" 404 281
- -> /favicon.ico
localhost - - [27/May/2012:22:29:27 CST] "GET /archive.html HTTP/1.1" 200 3952
http://localhost:4000/ -> /archive.html
localhost - - [27/May/2012:22:29:27 CST] "GET /assets/themes/twitter/css/style.css?body=1 HTTP/1.1" 200 1342
http://localhost:4000/archive.html -> /assets/themes/twitter/css/style.css?body=1
localhost - - [27/May/2012:22:29:27 CST] "GET /assets/themes/twitter/bootstrap/css/bootstrap.min.css HTTP/1.1" 200 74132
http://localhost:4000/archive.html -> /assets/themes/twitter/bootstrap/css/bootstrap.min.css
[2012-05-27 22:29:27] ERROR `/favicon.ico' not found.
localhost - - [27/May/2012:22:29:27 CST] "GET /favicon.ico HTTP/1.1" 404 281
- -> /favicon.ico
localhost - - [27/May/2012:22:30:18 CST] "GET /archive.html HTTP/1.1" 200 3952
http://localhost:4000/ -> /archive.html
localhost - - [27/May/2012:22:30:18 CST] "GET /assets/themes/twitter/bootstrap/css/bootstrap.min.css HTTP/1.1" 200 74132
http://localhost:4000/archive.html -> /assets/themes/twitter/bootstrap/css/bootstrap.min.css
localhost - - [27/May/2012:22:30:18 CST] "GET /assets/themes/twitter/css/style.css?body=1 HTTP/1.1" 200 1342
http://localhost:4000/archive.html -> /assets/themes/twitter/css/style.css?body=1
[2012-05-27 22:30:18] ERROR `/favicon.ico' not found.
localhost - - [27/May/2012:22:30:18 CST] "GET /favicon.ico HTTP/1.1" 404 281
- -> /favicon.ico
localhost - - [27/May/2012:22:30:22 CST] "GET /archive.html HTTP/1.1" 200 3952
http://localhost:4000/ -> /archive.html
localhost - - [27/May/2012:22:30:22 CST] "GET /assets/themes/twitter/bootstrap/css/bootstrap.min.css HTTP/1.1" 200 74132
http://localhost:4000/archive.html -> /assets/themes/twitter/bootstrap/css/bootstrap.min.css
localhost - - [27/May/2012:22:30:22 CST] "GET /assets/themes/twitter/css/style.css?body=1 HTTP/1.1" 200 1342
http://localhost:4000/archive.html -> /assets/themes/twitter/css/style.css?body=1
[2012-05-27 22:30:22] ERROR `/favicon.ico' not found.
localhost - - [27/May/2012:22:30:22 CST] "GET /favicon.ico HTTP/1.1" 404 281
- -> /favicon.ico
localhost - - [27/May/2012:22:30:26 CST] "GET / HTTP/1.1" 200 14805
http://localhost:4000/archive.html -> /
localhost - - [27/May/2012:22:30:26 CST] "GET /assets/themes/twitter/bootstrap/css/bootstrap.min.css HTTP/1.1" 200 74132
http://localhost:4000/ -> /assets/themes/twitter/bootstrap/css/bootstrap.min.css
localhost - - [27/May/2012:22:30:26 CST] "GET /assets/themes/twitter/css/style.css?body=1 HTTP/1.1" 200 1342
http://localhost:4000/ -> /assets/themes/twitter/css/style.css?body=1
[2012-05-27 22:30:26] ERROR `/favicon.ico' not found.
localhost - - [27/May/2012:22:30:26 CST] "GET /favicon.ico HTTP/1.1" 404 281
- -> /favicon.ico
/var/lib/gems/1.9.1/gems/jekyll-0.11.2/bin/jekyll:137:in `<top (required)>': ambiguous option: -server (OptionParser::AmbiguousOption)
	from /usr/local/bin/jekyll:19:in `load'
	from /usr/local/bin/jekyll:19:in `<main>'
